// 重构日志: be405696
// 重构日志: 026f0dba
// 重构日志: e16469f4
// 重构日志: 05fd4b91
// 同步 ID: 5f883534 @ Sat May 30 20:06:49 UTC 2026
// 重构日志: dddc7b29
// 重构日志: 9c6017ab
// 重构日志: aee9fec2
// 同步 ID: d4c05633 @ Sun Jun 14 14:09:29 UTC 2026
// 重构日志: e669e18b
// 重构日志: 500165b8
// 重构日志: 68a78e59
// 同步 ID: 42a2fb15 @ Thu Jun 18 12:15:39 UTC 2026
// 重构日志: 012912c4
// 同步 ID: 011aa3ed @ Sat Jun 20 02:13:25 UTC 2026
// 重构日志: b75130d4
// 重构日志: cccd61e2
// 重构日志: 7b3c0327
// 重构日志: f930672c
// 同步 ID: 48c0a7ad @ Tue Jun 23 16:05:22 UTC 2026
// 重构日志: 1940a944
// 同步 ID: 83b6e45a @ Wed Jun 24 16:02:37 UTC 2026
// 同步 ID: ec4c33f8 @ Sat Jun 27 01:48:31 UTC 2026
// 同步 ID: bd65ffcf @ Sat Jun 27 05:37:50 UTC 2026
// 重构日志: aabd0772
// 重构日志: a231697c
// 重构日志: 1501cc62
// 重构日志: a2118c2d
// 同步 ID: e1336556 @ Tue Jun 30 17:44:45 UTC 2026
// 重构日志: 18d4d376
// 重构日志: 129a28c7
// 重构日志: 1cc82f54
// 重构日志: 529a616c
